<?xml version="1.0" encoding="UTF-8"?>
<testng-results ignored="0" total="2" passed="2" failed="0" skipped="0">
  <reporter-output>
  </reporter-output>
  <suite started-at="2023-04-24T16:35:14 IST" name="Suite" finished-at="2023-04-24T16:35:30 IST" duration-ms="15797">
    <groups>
    </groups>
    <test started-at="2023-04-24T16:35:14 IST" name="Test1" finished-at="2023-04-24T16:35:30 IST" duration-ms="15235">
      <class name="Maven_project.demop2">
        <test-method is-config="true" signature="launchbrowser(java.lang.String)[pri:0, instance:Maven_project.demop2@273e7444]" started-at="2023-04-24T16:35:14 IST" name="launchbrowser" finished-at="2023-04-24T16:35:23 IST" duration-ms="8680" status="PASS">
          <params>
            <param index="0">
              <value>
                <![CDATA[Chrome]]>
              </value>
            </param>
          </params>
          <reporter-output>
          </reporter-output>
        </test-method> <!-- launchbrowser -->
        <test-method is-config="true" signature="login()[pri:0, instance:Maven_project.demop2@273e7444]" started-at="2023-04-24T16:35:23 IST" name="login" finished-at="2023-04-24T16:35:24 IST" duration-ms="342" status="PASS">
          <reporter-output>
          </reporter-output>
        </test-method> <!-- login -->
        <test-method signature="test2()[pri:0, instance:Maven_project.demop2@273e7444]" started-at="2023-04-24T16:35:24 IST" name="test2" finished-at="2023-04-24T16:35:24 IST" duration-ms="11" status="PASS">
          <reporter-output>
          </reporter-output>
        </test-method> <!-- test2 -->
        <test-method is-config="true" signature="logout()[pri:0, instance:Maven_project.demop2@273e7444]" started-at="2023-04-24T16:35:24 IST" name="logout" finished-at="2023-04-24T16:35:30 IST" duration-ms="6141" status="PASS">
          <reporter-output>
          </reporter-output>
        </test-method> <!-- logout -->
      </class> <!-- Maven_project.demop2 -->
    </test> <!-- Test1 -->
    <test started-at="2023-04-24T16:35:14 IST" name="Test2" finished-at="2023-04-24T16:35:30 IST" duration-ms="15797">
      <class name="Maven_project.demop">
        <test-method is-config="true" signature="launchbrowser(java.lang.String)[pri:0, instance:Maven_project.demop@5ab956d7]" started-at="2023-04-24T16:35:14 IST" name="launchbrowser" finished-at="2023-04-24T16:35:25 IST" duration-ms="10099" status="PASS">
          <params>
            <param index="0">
              <value>
                <![CDATA[edge]]>
              </value>
            </param>
          </params>
          <reporter-output>
          </reporter-output>
        </test-method> <!-- launchbrowser -->
        <test-method is-config="true" signature="login()[pri:0, instance:Maven_project.demop@5ab956d7]" started-at="2023-04-24T16:35:25 IST" name="login" finished-at="2023-04-24T16:35:25 IST" duration-ms="351" status="PASS">
          <reporter-output>
          </reporter-output>
        </test-method> <!-- login -->
        <test-method signature="test1()[pri:0, instance:Maven_project.demop@5ab956d7]" started-at="2023-04-24T16:35:25 IST" name="test1" finished-at="2023-04-24T16:35:25 IST" duration-ms="4" status="PASS">
          <reporter-output>
          </reporter-output>
        </test-method> <!-- test1 -->
        <test-method is-config="true" signature="logout()[pri:0, instance:Maven_project.demop@5ab956d7]" started-at="2023-04-24T16:35:25 IST" name="logout" finished-at="2023-04-24T16:35:30 IST" duration-ms="5310" status="PASS">
          <reporter-output>
          </reporter-output>
        </test-method> <!-- logout -->
      </class> <!-- Maven_project.demop -->
    </test> <!-- Test2 -->
  </suite> <!-- Suite -->
</testng-results>
